app/build/intermediates/manifest_merge_blame_file/debug/manifest-merger-blame-debug-report.txt
1<?xml version="1.0" encoding="utf-8"?>
2<manifest xmlns:android="http://schemas.android.com/apk/res/android"
3    package="com.cpsu.bantaydagatviolationrecorder"
4    android:versionCode="1"
5    android:versionName="1.0" >
6
7    <uses-sdk
8        android:minSdkVersion="24"
8-->src\main\AndroidManifest.xml
9        android:targetSdkVersion="29" />
9-->src\main\AndroidManifest.xml
10
11    <uses-permission android:name="android.permission.READ_EXTERNAL_STORAGE" />
11-->src\main\AndroidManifest.xml:5:5-80
11-->src\main\AndroidManifest.xml:5:22-77
12    <uses-permission android:name="android.permission.WRITE_EXTERNAL_STORAGE" />
12-->src\main\AndroidManifest.xml:6:5-81
12-->src\main\AndroidManifest.xml:6:22-78
13    <uses-permission android:name="android.permission.CAMERA" />
13-->src\main\AndroidManifest.xml:7:5-65
13-->src\main\AndroidManifest.xml:7:22-62
14
15    <application
15-->src\main\AndroidManifest.xml:8:5-34:19
16        android:name="com.cpsu.bantaydagatviolationrecorder.app.App"
16-->src\main\AndroidManifest.xml:9:9-32
17        android:allowBackup="true"
17-->src\main\AndroidManifest.xml:10:9-35
18        android:appComponentFactory="androidx.core.app.CoreComponentFactory"
18-->[androidx.core:core:1.3.1] AndroidManifest.xml:24:18-86
19        android:debuggable="true"
20        android:extractNativeLibs="false"
21        android:icon="@mipmap/ic_launcher"
21-->src\main\AndroidManifest.xml:11:9-43
22        android:label="@string/app_name"
22-->src\main\AndroidManifest.xml:12:9-41
23        android:roundIcon="@mipmap/ic_launcher_round"
23-->src\main\AndroidManifest.xml:13:9-54
24        android:supportsRtl="true"
24-->src\main\AndroidManifest.xml:14:9-35
25        android:theme="@style/AppTheme" >
25-->src\main\AndroidManifest.xml:15:9-40
26        <activity android:name="com.cpsu.bantaydagatviolationrecorder.ViolationDetail" />
26-->src\main\AndroidManifest.xml:16:9-62
26-->src\main\AndroidManifest.xml:16:19-50
27        <activity android:name="com.cpsu.bantaydagatviolationrecorder.MainActivity" >
27-->src\main\AndroidManifest.xml:17:9-23:20
27-->src\main\AndroidManifest.xml:17:19-47
28            <intent-filter>
28-->src\main\AndroidManifest.xml:18:13-22:29
29                <action android:name="android.intent.action.MAIN" />
29-->src\main\AndroidManifest.xml:19:17-69
29-->src\main\AndroidManifest.xml:19:25-66
30
31                <category android:name="android.intent.category.LAUNCHER" />
31-->src\main\AndroidManifest.xml:21:17-77
31-->src\main\AndroidManifest.xml:21:27-74
32            </intent-filter>
33        </activity>
34
35        <provider
36            android:name="androidx.core.content.FileProvider"
36-->src\main\AndroidManifest.xml:26:13-62
37            android:authorities="com.cpsu.bantaydagatviolationrecorder.fileprovider"
37-->src\main\AndroidManifest.xml:27:13-64
38            android:exported="false"
38-->src\main\AndroidManifest.xml:28:13-37
39            android:grantUriPermissions="true" >
39-->src\main\AndroidManifest.xml:29:13-47
40            <meta-data
40-->src\main\AndroidManifest.xml:30:13-32:64
41                android:name="android.support.FILE_PROVIDER_PATHS"
41-->src\main\AndroidManifest.xml:31:17-67
42                android:resource="@xml/file_paths" />
42-->src\main\AndroidManifest.xml:32:17-51
43        </provider>
44    </application>
45
46</manifest>